0 verbose cli /opt/homebrew/Cellar/node/25.9.0_2/bin/node /opt/homebrew/lib/node_modules/npm/bin/npm-cli.js
1 info using npm@11.12.1
2 info using node@v25.9.0
3 silly config load:file:/opt/homebrew/lib/node_modules/npm/npmrc
4 silly config load:file:/Users/seongsijun/Workspace/Archie-G-1/.npmrc
5 silly config load:file:/Users/seongsijun/.npmrc
6 silly config load:file:/opt/homebrew/etc/npmrc
7 verbose title npm exec create-next-app@latest archie-g-web --typescript --tailwind --eslint --app --src-dir --import-alias @/* --use-npm --no-git --yes
8 verbose argv "exec" "--yes" "--" "create-next-app@latest" "archie-g-web" "--typescript" "--tailwind" "--eslint" "--app" "--src-dir" "--import-alias" "@/*" "--use-npm" "--no-git" "--yes"
9 verbose logfile logs-max:10 dir:/Users/seongsijun/Workspace/Archie-G-1/.npm-cache/_logs/2026-04-20T16_22_23_716Z-
10 verbose logfile /Users/seongsijun/Workspace/Archie-G-1/.npm-cache/_logs/2026-04-20T16_22_23_716Z-debug-0.log
11 silly logfile done cleaning log files
12 silly packumentCache heap:4496293888 maxSize:1124073472 maxEntrySize:562036736
13 http fetch GET 200 https://registry.npmjs.org/create-next-app 80ms (cache revalidated)
14 silly packumentCache heap:4496293888 maxSize:1124073472 maxEntrySize:562036736
15 silly packumentCache heap:4496293888 maxSize:1124073472 maxEntrySize:562036736
16 verbose cwd /Users/seongsijun/Workspace/Archie-G-1
17 verbose os Darwin 25.4.0
18 verbose node v25.9.0
19 verbose npm  v11.12.1
20 verbose exit 0
21 info ok
