
> archie-g-web@0.1.0 build
> next build

  ▲ Next.js 14.2.3

   Creating an optimized production build ...
 ✓ Compiled successfully
   Linting and checking validity of types ...
   Collecting page data ...
   Generating static pages (0/8) ...
   Generating static pages (2/8) 
   Generating static pages (4/8) 
   Generating static pages (6/8) 
 ✓ Generating static pages (8/8)
   Finalizing page optimization ...
   Collecting build traces ...

Route (app)                              Size     First Load JS
┌ ○ /                                    132 kB          219 kB
├ ○ /_not-found                          875 B          88.5 kB
├ ƒ /api/analyze                         0 B                0 B
├ ƒ /api/chat                            0 B                0 B
├ ƒ /api/files                           0 B                0 B
├ ƒ /api/generate                        0 B                0 B
└ ○ /api/health                          0 B                0 B
+ First Load JS shared by all            87.6 kB
  ├ chunks/23-509d2c9a3fbd8547.js        31.5 kB
  ├ chunks/fd9d1056-00bb33a35b5f8051.js  53.7 kB
  └ other shared chunks (total)          2.5 kB


○  (Static)   prerendered as static content
ƒ  (Dynamic)  server-rendered on demand

